Traceback (most recent call last):
  File "/Users/jacob/miniconda3/lib/python3.9/site-packages/jupyter_cache/executors/utils.py", line 58, in single_nb_execution
    executenb(
  File "/Users/jacob/miniconda3/lib/python3.9/site-packages/nbclient/client.py", line 1263, in execute
    return NotebookClient(nb=nb, resources=resources, km=km, **kwargs).execute()
  File "/Users/jacob/miniconda3/lib/python3.9/site-packages/nbclient/util.py", line 85, in wrapped
    return just_run(coro(*args, **kwargs))
  File "/Users/jacob/miniconda3/lib/python3.9/site-packages/nbclient/util.py", line 60, in just_run
    return loop.run_until_complete(coro)
  File "/Users/jacob/miniconda3/lib/python3.9/asyncio/base_events.py", line 647, in run_until_complete
    return future.result()
  File "/Users/jacob/miniconda3/lib/python3.9/site-packages/nbclient/client.py", line 701, in async_execute
    await self.async_execute_cell(
  File "/Users/jacob/miniconda3/lib/python3.9/site-packages/nbclient/client.py", line 1019, in async_execute_cell
    await self._check_raise_for_error(cell, cell_index, exec_reply)
  File "/Users/jacob/miniconda3/lib/python3.9/site-packages/nbclient/client.py", line 913, in _check_raise_for_error
    raise CellExecutionError.from_cell_and_msg(cell, exec_reply_content)
nbclient.exceptions.CellExecutionError: An error occurred while executing the following cell:
------------------
# Initialize and fit Bgolearn
optimizer = bgo.Bgolearn()

model = optimizer.fit(
    data_matrix=X_train_df,
    Measured_response=y_train_series,
    virtual_samples=X_candidates_df,
    min_search=True,  # We want to minimize the function
    CV_test=3,        # 3-fold cross-validation
    Normalize=True    # Normalize features
)

print("✅ Bgolearn model fitted successfully!")
print(f"Model type: {type(model).__name__}")
print(f"Number of training points: {len(X_train_df)}")
print(f"Number of candidate points: {len(X_candidates_df)}")
------------------

[0;31m---------------------------------------------------------------------------[0m
[0;31mNameError[0m                                 Traceback (most recent call last)
Cell [0;32mIn[5], line 2[0m
[1;32m      1[0m [38;5;66;03m# Initialize and fit Bgolearn[39;00m
[0;32m----> 2[0m optimizer [38;5;241m=[39m [43mbgo[49m[38;5;241m.[39mBgolearn()
[1;32m      4[0m model [38;5;241m=[39m optimizer[38;5;241m.[39mfit(
[1;32m      5[0m     data_matrix[38;5;241m=[39mX_train_df,
[1;32m      6[0m     Measured_response[38;5;241m=[39my_train_series,
[0;32m   (...)[0m
[1;32m     10[0m     Normalize[38;5;241m=[39m[38;5;28;01mTrue[39;00m    [38;5;66;03m# Normalize features[39;00m
[1;32m     11[0m )
[1;32m     13[0m [38;5;28mprint[39m([38;5;124m"[39m[38;5;124m✅ Bgolearn model fitted successfully![39m[38;5;124m"[39m)

[0;31mNameError[0m: name 'bgo' is not defined
NameError: name 'bgo' is not defined

