Traceback (most recent call last):
  File "/Users/jacob/miniconda3/lib/python3.9/site-packages/jupyter_cache/executors/utils.py", line 58, in single_nb_execution
    executenb(
  File "/Users/jacob/miniconda3/lib/python3.9/site-packages/nbclient/client.py", line 1263, in execute
    return NotebookClient(nb=nb, resources=resources, km=km, **kwargs).execute()
  File "/Users/jacob/miniconda3/lib/python3.9/site-packages/nbclient/util.py", line 85, in wrapped
    return just_run(coro(*args, **kwargs))
  File "/Users/jacob/miniconda3/lib/python3.9/site-packages/nbclient/util.py", line 60, in just_run
    return loop.run_until_complete(coro)
  File "/Users/jacob/miniconda3/lib/python3.9/asyncio/base_events.py", line 647, in run_until_complete
    return future.result()
  File "/Users/jacob/miniconda3/lib/python3.9/site-packages/nbclient/client.py", line 701, in async_execute
    await self.async_execute_cell(
  File "/Users/jacob/miniconda3/lib/python3.9/site-packages/nbclient/client.py", line 1019, in async_execute_cell
    await self._check_raise_for_error(cell, cell_index, exec_reply)
  File "/Users/jacob/miniconda3/lib/python3.9/site-packages/nbclient/client.py", line 913, in _check_raise_for_error
    raise CellExecutionError.from_cell_and_msg(cell, exec_reply_content)
nbclient.exceptions.CellExecutionError: An error occurred while executing the following cell:
------------------
# Optimize for maximum tensile strength
print("=== Single-Objective Optimization: Tensile Strength ===")

optimizer_strength = bgo.Bgolearn()
model_strength = optimizer_strength.fit(
    data_matrix=X_initial,
    Measured_response=y_initial['Tensile_Strength'],
    virtual_samples=X_candidates,
    min_search=False,  # Maximize strength
    CV_test=5,
    Normalize=True
)

print("✅ Model fitted for tensile strength optimization")

# Try different acquisition functions
acquisition_results = {}

# Expected Improvement
ei_values, ei_point = model_strength.EI()
ei_pred_strength = model_strength.virtual_samples_mean[np.argmax(ei_values)]
acquisition_results['EI'] = {
    'point': ei_point,
    'predicted_strength': ei_pred_strength
}

# Upper Confidence Bound
ucb_values, ucb_point = model_strength.UCB(alpha=2.0)
ucb_pred_strength = model_strength.virtual_samples_mean[np.argmax(ucb_values)]
acquisition_results['UCB'] = {
    'point': ucb_point,
    'predicted_strength': ucb_pred_strength
}

# Probability of Improvement
poi_values, poi_point = model_strength.PoI(tao=0.01)
poi_pred_strength = model_strength.virtual_samples_mean[np.argmax(poi_values)]
acquisition_results['PoI'] = {
    'point': poi_point,
    'predicted_strength': poi_pred_strength
}

# Display results
print("\nAcquisition Function Recommendations:")
print("-" * 70)
for method, result in acquisition_results.items():
    point = result['point']
    pred_strength = result['predicted_strength']
    
    print(f"{method}:")
    print(f"  Composition: Cu={point[0]:.2f}%, Mg={point[1]:.2f}%, Si={point[2]:.2f}%")
    print(f"  Processing: Sol={point[3]:.0f}°C, Age={point[4]:.0f}°C, Time={point[5]:.1f}h")
    print(f"  Predicted Strength: {pred_strength:.1f} MPa")
    
    # Calculate true strength for comparison
    true_properties = alloy_system.calculate_properties(np.array([point]))
    true_strength = true_properties[0, 0]
    print(f"  True Strength: {true_strength:.1f} MPa")
    print()

print(f"Current best observed: {y_initial['Tensile_Strength'].max():.1f} MPa")
------------------

[0;31m---------------------------------------------------------------------------[0m
[0;31mNameError[0m                                 Traceback (most recent call last)
Cell [0;32mIn[6], line 4[0m
[1;32m      1[0m [38;5;66;03m# Optimize for maximum tensile strength[39;00m
[1;32m      2[0m [38;5;28mprint[39m([38;5;124m"[39m[38;5;124m=== Single-Objective Optimization: Tensile Strength ===[39m[38;5;124m"[39m)
[0;32m----> 4[0m optimizer_strength [38;5;241m=[39m [43mbgo[49m[38;5;241m.[39mBgolearn()
[1;32m      5[0m model_strength [38;5;241m=[39m optimizer_strength[38;5;241m.[39mfit(
[1;32m      6[0m     data_matrix[38;5;241m=[39mX_initial,
[1;32m      7[0m     Measured_response[38;5;241m=[39my_initial[[38;5;124m'[39m[38;5;124mTensile_Strength[39m[38;5;124m'[39m],
[0;32m   (...)[0m
[1;32m     11[0m     Normalize[38;5;241m=[39m[38;5;28;01mTrue[39;00m
[1;32m     12[0m )
[1;32m     14[0m [38;5;28mprint[39m([38;5;124m"[39m[38;5;124m✅ Model fitted for tensile strength optimization[39m[38;5;124m"[39m)

[0;31mNameError[0m: name 'bgo' is not defined
NameError: name 'bgo' is not defined

